<?xml version="1.0" encoding="UTF-8"?>
<!-- Generated by org.testng.reporters.JUnitReportReporter -->
<testsuite hostname="DESKTOP-FA6R54Q" failures="0" tests="1" name="testcase.TC02_Login" time="3.699" errors="0" timestamp="2024-01-09T22:28:11 EET" skipped="0">
  <testcase classname="testcase.TC02_Login" name="loginWithRegisterUser_P" time="3.699"/>
  <system-out/>
</testsuite> <!-- testcase.TC02_Login -->
