<?xml version="1.0" encoding="UTF-8"?>
<!-- Generated by org.testng.reporters.JUnitReportReporter -->
<testsuite hostname="DESKTOP-FA6R54Q" failures="0" tests="1" name="testcase.TC03_CreateOrder" time="19.186" errors="0" timestamp="2024-01-10T19:56:23 EET" skipped="0">
  <testcase classname="testcase.TC03_CreateOrder" name="createOrder" time="19.186"/>
  <system-out/>
</testsuite> <!-- testcase.TC03_CreateOrder -->
